<?xml version="1.0" encoding="UTF-8"?>
<testsuite xmlns:xsi="http://www.w3.org/2001/XMLSchema-instance" xsi:noNamespaceSchemaLocation="https://maven.apache.org/surefire/maven-surefire-plugin/xsd/surefire-test-report.xsd" name="EmployeesTest" time="0.304" tests="30" errors="0" skipped="0" failures="0">
  <properties>
[...]
</properties>
  <testcase name="hasMethodAddPerson" classname="EmployeesTest" time="0.025"/>
  <testcase name="firingWorks" classname="EmployeesTest" time="0.129"/>
  <testcase name="PersonnToString2" classname="EmployeesTest" time="0.002"/>
  <testcase name="hasMethodAddList" classname="EmployeesTest" time="0"/>
  <testcase name="filteredPrintingUsesIterator" classname="EmployeesTest" time="0.022"/>
  <testcase name="hasMethodPrint" classname="EmployeesTest" time="0.001"/>
  <testcase name="hasClassPerson" classname="EmployeesTest" time="0"/>
  <testcase name="hasEmployeesClass" classname="EmployeesTest" time="0"/>
  <testcase name="enumHasCorrectValues" classname="EmployeesTest" time="0"/>
  <testcase name="hasMethodFire" classname="EmployeesTest" time="0"/>
  <testcase name="printingUsesIterator" classname="EmployeesTest" time="0.005"/>
  <testcase name="filteredPrintingWorks" classname="EmployeesTest" time="0.001"/>
  <testcase name="PersonHasCorrectObjectVariables" classname="EmployeesTest" time="0"/>
  <testcase name="PersonHasCorrectConstructor" classname="EmployeesTest" time="0.001"/>
  <testcase name="testGetEducation" classname="EmployeesTest" time="0"/>
  <testcase name="printingWorks1" classname="EmployeesTest" time="0.001"/>
  <testcase name="printingWorks2" classname="EmployeesTest" time="0.001"/>
  <testcase name="printingWorks3" classname="EmployeesTest" time="0.001"/>
  <testcase name="hasEnumEducation" classname="EmployeesTest" time="0"/>
  <testcase name="PersonToString" classname="EmployeesTest" time="0"/>
  <testcase name="employeesHasCorrectConstructor" classname="EmployeesTest" time="0.001"/>
  <testcase name="firingWorks2" classname="EmployeesTest" time="0"/>
  <testcase name="firingWorks3" classname="EmployeesTest" time="0.002"/>
  <testcase name="firingWorks4" classname="EmployeesTest" time="0.001"/>
  <testcase name="filteredPrintingWorks1b" classname="EmployeesTest" time="0.001"/>
  <testcase name="getEducationWorks" classname="EmployeesTest" time="0.001"/>
  <testcase name="hasMethodPrintEducation" classname="EmployeesTest" time="0"/>
  <testcase name="firingUsesIterator" classname="EmployeesTest" time="0.002"/>
  <testcase name="getEducationThrowsNoError" classname="EmployeesTest" time="0.001"/>
  <testcase name="noUnnecessaryObjectVariables" classname="EmployeesTest" time="0"/>
</testsuite>